<?xml version="1.0" encoding="UTF-8"?>
<!--
  ~ MIT License
  ~
  ~ Copyright (c) 2016  Altisource
  ~
  ~ Permission is hereby granted, free of charge, to any person obtaining a copy
  ~ of this software and associated documentation files (the "Software"), to deal
  ~ in the Software without restriction, including without limitation the rights
  ~ to use, copy, modify, merge, publish, distribute, sublicense, and/or sell
  ~ copies of the Software, and to permit persons to whom the Software is
  ~ furnished to do so, subject to the following conditions:
  ~
  ~ The above copyright notice and this permission notice shall be included in all
  ~ copies or substantial portions of the Software.
  ~
  ~ THE SOFTWARE IS PROVIDED "AS IS", WITHOUT WARRANTY OF ANY KIND, EXPRESS OR
  ~ IMPLIED, INCLUDING BUT NOT LIMITED TO THE WARRANTIES OF MERCHANTABILITY,
  ~ FITNESS FOR A PARTICULAR PURPOSE AND NONINFRINGEMENT. IN NO EVENT SHALL THE
  ~ AUTHORS OR COPYRIGHT HOLDERS BE LIABLE FOR ANY CLAIM, DAMAGES OR OTHER
  ~ LIABILITY, WHETHER IN AN ACTION OF CONTRACT, TORT OR OTHERWISE, ARISING FROM,
  ~ OUT OF OR IN CONNECTION WITH THE SOFTWARE OR THE USE OR OTHER DEALINGS IN THE
  ~ SOFTWARE.
  -->
<!-- This is an unmanaged datasource. It should be used for proofs of concept 
   or testing only. It uses H2, an in memory database that ships with JBoss 
   AS. -->
<datasources xmlns="http://www.jboss.org/ironjacamar/schema"
   xmlns:xsi="http://www.w3.org/2001/XMLSchema-instance"
   xsi:schemaLocation="http://www.jboss.org/ironjacamar/schema http://docs.jboss.org/ironjacamar/schema/datasources_1_0.xsd">
   <!-- The datasource is bound into JNDI at this location. We reference 
      this in META-INF/test-persistence.xml -->
   <datasource jndi-name="java:jboss/datasources/ecloud-managerTestDS"
      pool-name="ecloud-manager-test" enabled="true"
      use-java-context="true">
      <connection-url>jdbc:h2:mem:ecloud-manager-test;DB_CLOSE_DELAY=-1</connection-url>
      <driver>h2</driver>
      <security>
         <user-name>sa</user-name>
         <password>sa</password>
      </security>
   </datasource>
</datasources>
 
